[debug] [2024-12-30T14:33:15.349Z] ----------------------------------------------------------------------
[debug] [2024-12-30T14:33:15.351Z] Command:       C:\Program Files\nodejs\node.exe C:\Users\Asus\AppData\Roaming\npm\node_modules\firebase-tools\lib\bin\firebase.js projects:list --json
[debug] [2024-12-30T14:33:15.351Z] CLI Version:   13.29.1
[debug] [2024-12-30T14:33:15.352Z] Platform:      win32
[debug] [2024-12-30T14:33:15.352Z] Node Version:  v20.17.0
[debug] [2024-12-30T14:33:15.352Z] Time:          Mon Dec 30 2024 10:33:15 GMT-0400 (hora de Bolivia)
[debug] [2024-12-30T14:33:15.352Z] ----------------------------------------------------------------------
[debug] 
[debug] [2024-12-30T14:33:15.357Z] > command requires scopes: ["email","openid","https://www.googleapis.com/auth/cloudplatformprojects.readonly","https://www.googleapis.com/auth/firebase","https://www.googleapis.com/auth/cloud-platform"]
[debug] [2024-12-30T14:33:15.357Z] > authorizing via signed-in user (henryeddysago@gmail.com)
[debug] [2024-12-30T14:33:15.360Z] Checked if tokens are valid: false, expires at: 1719463884512
[debug] [2024-12-30T14:33:15.360Z] Checked if tokens are valid: false, expires at: 1719463884512
[debug] [2024-12-30T14:33:15.360Z] > refreshing access token with scopes: []
[debug] [2024-12-30T14:33:15.362Z] >>> [apiv2][query] POST https://www.googleapis.com/oauth2/v3/token [none]
[debug] [2024-12-30T14:33:15.362Z] >>> [apiv2][body] POST https://www.googleapis.com/oauth2/v3/token [omitted]
[debug] [2024-12-30T14:33:15.699Z] <<< [apiv2][status] POST https://www.googleapis.com/oauth2/v3/token 400
[debug] [2024-12-30T14:33:15.699Z] <<< [apiv2][body] POST https://www.googleapis.com/oauth2/v3/token [omitted]
[debug] [2024-12-30T14:33:15.700Z] >>> [apiv2][query] GET https://firebase.googleapis.com/v1beta1/projects pageSize=1000
[debug] [2024-12-30T14:33:15.932Z] <<< [apiv2][status] GET https://firebase.googleapis.com/v1beta1/projects 401
[debug] [2024-12-30T14:33:15.932Z] <<< [apiv2][body] GET https://firebase.googleapis.com/v1beta1/projects [omitted]
[debug] [2024-12-30T14:33:15.932Z] Got a 401 Unauthenticated error for a call that required authentication. Refreshing tokens.
[debug] [2024-12-30T14:33:15.932Z] Checked if tokens are valid: false, expires at: 1719463884512
[debug] [2024-12-30T14:33:15.932Z] Checked if tokens are valid: false, expires at: 1719463884512
[debug] [2024-12-30T14:33:15.932Z] > refreshing access token with scopes: []
[debug] [2024-12-30T14:33:15.933Z] >>> [apiv2][query] POST https://www.googleapis.com/oauth2/v3/token [none]
[debug] [2024-12-30T14:33:15.933Z] >>> [apiv2][body] POST https://www.googleapis.com/oauth2/v3/token [omitted]
[debug] [2024-12-30T14:33:16.032Z] <<< [apiv2][status] POST https://www.googleapis.com/oauth2/v3/token 400
[debug] [2024-12-30T14:33:16.032Z] <<< [apiv2][body] POST https://www.googleapis.com/oauth2/v3/token [omitted]
[debug] [2024-12-30T14:33:16.032Z] Request to https://firebase.googleapis.com/v1beta1/projects?pageSize=1000 had HTTP Error: 401, Request had invalid authentication credentials. Expected OAuth 2 access token, login cookie or other valid authentication credential. See https://developers.google.com/identity/sign-in/web/devconsole-project.
[debug] [2024-12-30T14:33:16.272Z] FirebaseError: Request to https://firebase.googleapis.com/v1beta1/projects?pageSize=1000 had HTTP Error: 401, Request had invalid authentication credentials. Expected OAuth 2 access token, login cookie or other valid authentication credential. See https://developers.google.com/identity/sign-in/web/devconsole-project.
    at responseToError (C:\Users\Asus\AppData\Roaming\npm\node_modules\firebase-tools\lib\responseToError.js:52:12)
    at RetryOperation._fn (C:\Users\Asus\AppData\Roaming\npm\node_modules\firebase-tools\lib\apiv2.js:312:77)
    at process.processTicksAndRejections (node:internal/process/task_queues:95:5)
[error] 
[error] Error: Failed to list Firebase projects. See firebase-debug.log for more info.
